M 0000,1
M 0010,1
M 0020,1
M 0030,1
M 0050,1
M 0060,1
M 0070,1
M 0080,1
M 0090,1
M 00a0,1
M 00b0,1
M 00c0,1
M 00d0,1
M 00e0,1
M 00f0,1
M 0100,1
M 0110,1
L 0120,1
L 1000,1
L 2000,1
L 3000,1
L 4000,1
L 10000,1
L 20000,1
L 30000,1
L 40000,1
L 50000,1
L 60000,1
L 70000,1
L 80000,1
L 90000,1
L 100000,1
L 110000,1
L 120000,1
L 130000,1
L 140000,1
L 150000,1
L 160000,1
L 170000,1
L 180000,1
L 190000,1
L 200000,1
L 210000,1
L 220000,1
L 230000,1
L 240000,1
L 250000,1
L 260000,1
L 270000,1
L 280000,1
L 290000,1
L 300000,1
L 310000,1
L 320000,1
L 330000,1
